0 0 1076.73684056 770.51300242 1365.18774969 882.55053585
0 1 914.20914413 4568.53413245 1302.41793375 1540.73992634
0 2 893.05051930 4814.35488233 927.00090946 1241.98484918
0 3 4537.21087887 2885.58055625 1558.41207511 1251.66281064
0 4 134.07946665 335.32464884 1400.84091587 1292.62883580
0 5 5157.98928359 6002.44099497 1496.02567685 1175.36391835
0 6 4458.81278343 4788.22443692 883.25534402 900.47702436
0 7 5959.86053614 1452.00915234 1445.33012679 879.60285099
0 8 2221.52215476 3512.03227718 971.65338684 1182.34033404
0 9 1757.56640668 5543.81706653 1142.08026038 1121.68185421
0 10 4035.17194591 3904.41449174 1573.16670339 1071.63676416
0 11 466.99504504 6079.70719209 1532.79957479 865.40800403
0 12 92.03183799 4496.70168198 1367.53683983 1446.71017030
0 13 4176.14267696 3936.25519060 1041.07408864 1079.46081764
0 14 2401.47962752 2746.76682266 1189.43784200 1045.24808558
0 15 4197.77597795 2106.47767065 1134.35093694 802.41603473
0 16 5617.50994783 4199.70630605 1194.25636914 921.92610818
0 17 3420.52336964 6041.78200101 1253.10796239 932.00666671
0 18 3623.19648980 3638.04672329 1213.14343087 1301.68560713
0 19 3394.75391244 2995.59668493 1376.59361117 1226.23602273
0 20 1169.29836397 2981.10083351 1091.94619303 1458.64143354
0 21 594.35602412 4415.76561761 957.10225081 1164.84784603
0 22 839.53243733 4523.88990393 1419.59593162 1420.11267040
0 23 307.36757164 1460.11334685 1432.02870550 1531.09390686
0 24 5658.81965585 2038.63597664 872.02001467 1135.02683634
0 25 1757.41797471 4352.64715153 1276.53350305 1463.03950240
0 26 1667.69387188 946.11647547 1183.72510917 1423.25608602
0 27 3940.71316040 1511.07204000 1068.49210839 1429.20343441
0 28 4491.17287351 4635.04040676 1306.84486758 1426.14213755
0 29 2727.80602143 5462.84906367 1009.98998321 1236.30829705
0 30 3663.73896465 465.54035869 1075.42096709 1286.79527316
0 31 1924.65370554 1088.25341906 1236.88917965 947.98397498
0 32 3125.88939571 4222.93792090 1292.51081169 1400.85644991
0 33 2252.58506949 1580.85471907 1282.89595194 1280.43981422
0 34 2525.97119749 761.72782544 1122.69589987 808.34118674
0 35 2271.79986544 4880.96026339 1447.04462115 845.38895130
0 36 3193.00067015 3059.14844756 1481.03108885 1530.58489239
0 37 2198.99750828 956.86618291 1185.89318908 1523.32381871
0 38 1421.40654160 5441.79202731 1229.11909150 1208.63976991
0 39 207.04544342 756.82705615 1366.12374526 1206.99857524
0 40 4978.76497706 2297.34998952 1026.85502478 903.95463648
0 41 3877.20470859 5829.16404447 1393.89445069 800.40011886
0 42 267.89186697 1161.35571656 818.24130597 1107.81181854
0 43 6041.31597995 5473.55614328 1162.70076984 1154.40466776
0 44 2209.70458789 2178.16610795 1103.98956015 1341.51202262
0 45 3134.03229086 5670.26848908 1283.83584096 1359.85991728
0 46 4789.06051344 1132.28156951 987.49968719 1414.96073414
0 47 1888.10862566 6180.03268814 1040.95930901 858.38066798
0 48 2154.38267471 3894.28300848 971.83530445 1544.43685962
0 49 3400.44705000 6276.85264014 1554.33697884 1248.93734834
0 50 1115.20835375 9.62354745 1566.24916688 894.59846306
0 51 5482.17969073 2859.69512664 1258.50313119 961.53962706
0 52 5036.86123459 6250.96431961 1512.55164968 1021.43472507
0 53 5598.23280574 3399.02494097 800.29464198 1298.57234559
0 54 4530.30651048 1654.83143458 1132.53307936 802.30562561
0 55 1511.86411977 4739.44007497 870.18629359 1248.67574993
0 56 2310.72308051 2088.51238814 1212.11260954 1504.37203266
0 57 2042.36502533 3159.59746421 1172.30938063 1185.07145779
0 58 3168.22101166 2936.53970276 1289.16992085 1081.39208366
0 59 5795.23482940 1409.93868777 1252.43171072 1354.19027780
0 60 1337.90300443 3147.87135286 794.62500250 867.04118284
0 61 223.89629089 112.32194147 1375.11352843 1384.71327341
0 62 1766.15337604 1089.82840243 1396.51889902 1200.13173565
0 63 5828.26847741 5484.90667639 867.80748521 1017.44571721
0 64 1250.41906158 3991.09846807 940.81774951 1201.97814310
0 65 827.69592933 4256.67073592 806.04960053 1289.89755486
0 66 870.21043573 4113.45517585 1580.78963889 833.19416004
0 67 5522.39386361 3693.60261850 1396.88443821 857.55831607
0 68 518.47396842 4883.53090973 934.09949891 883.07555995
0 69 4994.85285120 5824.86180754 1477.28883372 845.14305958
0 70 591.69020703 4018.19099820 1254.77479522 802.49862982
0 71 3180.09767459 4332.28801629 1029.44434703 1344.23971527
0 72 2000.38648436 3114.11192490 965.21785838 1143.87205758
0 73 1047.78265787 1522.65828615 852.76961245 1030.07490396
0 74 5635.11346199 497.31699512 1072.76906400 1394.87955408
0 75 4189.91961361 785.97968197 1461.93787015 1378.98530986
0 76 5668.51059465 197.23686890 1471.56086980 1333.09202809
0 77 6021.09867644 4618.33690497 1387.73508767 826.61003006
0 78 2313.52790317 2168.39339320 838.60865988 1477.17036052
0 79 177.68140949 2296.69779849 1240.41007542 1062.59453814
0 80 5409.80972339 4996.44313407 1415.96659572 807.20433049
0 81 196.10142022 5501.14966224 1046.77923445 1519.38237336
0 82 5997.46665736 4308.02383655 1333.26192707 1273.57605935
0 83 5093.00352147 3389.52639556 1071.56136884 1345.36474319
0 84 3585.76326446 1373.54369434 1097.45677092 1200.98756121
0 85 5990.88060225 910.24722328 1237.09759127 1038.12937697
0 86 3077.64061648 3957.39838051 934.29973712 1197.29390407
0 87 6253.09618195 4749.17638827 1469.38844221 1458.07436189
0 88 3422.61952234 4110.54022738 1474.77869238 1242.73313905
0 89 3288.68988667 1201.08375853 1181.11551205 1160.88670485
0 90 5508.10759803 1143.65802670 853.46276383 1325.30802557
0 91 4532.18442226 2752.32266506 1089.67276839 1014.81440151
0 92 4124.86635940 4848.50277991 1425.30196272 1264.61831238
0 93 5757.75000319 2327.46044316 1512.24768935 1104.52313901
0 94 6283.85882368 601.18953552 1511.31704308 1567.36506321
0 95 5349.36592673 4873.10256547 1444.43942510 1096.59498500
0 96 2660.64278990 4381.35918579 1548.82812405 1534.15176856
0 97 5581.44294727 2867.64220758 1114.03847304 1386.38226886
0 98 4010.30023427 3092.03202972 1130.69029406 1067.89831082
0 99 5843.35469478 5114.28688274 1292.21271233 1246.17174048
100 0 2942.05725651 422.82672689 -1365.18774969 -882.55053585 0 34
100 1 191.08966875 1561.62604915 1302.41793375 1540.73992634 0 44
100 2 253.36927085 5757.36237079 855.05236565 1226.69082472 1 33
100 3 160.69834511 1554.84700646 1415.27027820 -1243.63449302 1 44
100 4 4994.68746967 5628.75158438 -1192.63787779 -723.46204242 3 36
100 5 4332.04180108 3028.80199255 1199.97914293 3116.60066418 3 43
100 6 1122.02941373 4902.96762278 87.94390067 967.38605604 5 43
100 7 2527.68911247 118.88039903 -1445.33012679 879.60285099 0 37
100 8 1186.28977794 5219.38181014 1403.78190490 -220.72363797 2 36
100 9 4511.77366913 4541.97361667 2255.38683457 2224.08724875 3 38
100 10 3567.68480492 3101.52062208 -1573.16670339 -1071.63676416 0 42
100 11 1737.37321177 3953.52986922 1532.79957479 865.40800403 0 38
100 12 280.10262101 6165.12691291 1650.27565525 1413.68700939 1 44
100 13 6230.74206624 2849.68737924 1041.07408864 -1079.46081764 0 33
100 14 3269.98176355 6042.65483606 877.83444895 -1528.49380656 5 36
100 15 5538.97158621 5659.44580564 1741.24912600 866.20697672 1 29
100 16 168.29855082 1696.22262155 -1237.86415815 -1307.07610641 2 34
100 17 1302.25484298 4582.80666541 -1253.10796239 -932.00666671 0 34
100 18 2001.78881725 4638.00181489 -2160.60559137 2092.43345083 1 65
100 19 4099.58876602 4594.98288002 -750.51738369 -1306.54701091 2 33
100 20 4384.97360013 5577.27013524 -1076.35075394 1737.94502754 1 40
100 21 5622.31490332 6163.89184281 -957.10225081 1164.84784603 0 33
100 22 5664.91318287 4064.40239292 2288.48914786 -2401.35251714 5 41
100 23 2362.39061703 578.61283551 92.15387938 556.67763203 1 27
100 24 3706.08352844 620.51092737 1491.46646600 1156.91848790 1 37
100 25 5501.50561645 2604.17647155 1092.68444040 -1452.38348952 1 42
100 26 3986.67491487 1157.86280969 -584.93692088 106.08368217 2 31
100 27 4186.01578322 3771.81602675 -1068.49210839 1429.20343441 0 39
100 28 4795.37961408 2276.49710613 -493.65015742 -1348.83429796 2 42
100 29 2917.71049972 1489.59909075 1665.60742977 -632.45755133 3 42
100 30 4172.25217739 6173.86076200 -169.16148543 -340.32613234 2 11
100 31 1394.94850400 5701.54485068 -1236.88917965 -947.98397498 0 34
100 32 2437.33374686 744.98874988 599.59197544 56.41353912 1 30
100 33 2381.81640574 1730.11624607 1365.89240052 -936.57737142 6 36
100 34 55.68450585 4973.50947215 -1122.69589987 808.34118674 0 29
100 35 2912.41038183 3901.37744958 -1622.09826970 633.13647452 2 12
100 36 5009.52782696 5268.50912498 1579.79999856 361.69416604 1 31
100 37 6093.27764493 3924.62927159 498.48328373 94.53848874 4 32
100 38 2397.02320390 1137.39830423 -185.95685219 -421.96138751 2 36
100 39 1434.90307716 5934.41725779 777.20288892 -1246.67206416 2 41
100 40 4818.22160158 1959.41932556 -1886.10574291 1182.91704651 4 41
100 41 5594.50450235 3314.40899625 -1331.58312650 -799.03505916 1 35
100 42 5952.61958955 2228.32866941 818.24130597 -1107.81181854 0 29
100 43 922.57503421 1277.69554942 -107.34902179 300.79787144 1 13
100 44 1358.27368736 3348.54352871 -1300.94187487 1177.48669806 3 11
100 45 1781.09796800 4248.89726489 -488.68234735 -993.72246432 3 39
100 46 6258.51617891 2139.19176683 -614.67376207 -1335.60507886 1 33
100 47 2680.72953091 916.23436310 309.17231423 -116.45593625 1 11
100 48 6178.88142492 1786.21495394 -991.80775989 -1443.79980139 2 41
100 49 2368.49559625 4245.93778895 -1271.41323495 1524.03144382 2 43
100 50 771.36807042 1.00000000 926.10128858 -1516.16906377 2 26
100 51 3658.57201737 3083.10004305 1258.50313119 -961.53962706 0 35
100 52 2996.43626667 6296.71619316 1568.67401905 -1008.55614722 1 42
100 53 3565.38740565 5707.87456621 -800.29464198 1298.57234559 0 33
100 54 4431.90685681 1381.23744656 -38.60937314 1638.72099290 2 30
100 55 231.69594487 2805.13529578 -870.18629359 1248.67574993 0 33
100 56 2572.18209024 3563.61080774 1383.19837184 878.64641480 2 36
100 57 5477.30308833 4775.25675679 1172.30938063 -1185.07145779 0 37
100 58 1630.03443940 5862.23658897 35.11404991 -93.64173440 2 11
100 59 4412.31237888 2458.24692918 1252.43171072 -1354.19027780 0 41
100 60 4079.12507250 408.58553235 794.62500250 867.04118284 0 26
100 61 3955.67731540 4073.42546411 1318.22577180 -606.45766783 2 28
100 62 239.40318688 5953.87001332 -1328.52697406 976.27718792 2 30
100 63 5298.22501970 4340.15629761 1939.65723511 789.46341192 2 17
100 64 5031.61786706 4543.26228280 940.81774951 -1201.97814310 0 33
100 65 4094.43831038 615.51201636 -123.80898276 -658.10212067 2 25
100 66 1598.91979338 4499.18920400 -621.43467146 3.30597885 1 22
100 67 775.27501993 2453.35163241 1159.68087597 -1302.34487500 3 20
100 68 4407.11972002 4340.40117744 -1209.26713507 888.45009812 1 32
100 69 4207.04508497 944.52176241 1462.94229354 -1346.90527967 4 31
100 70 6285.79703164 2272.93806874 262.66022303 -1605.29714967 4 31
100 71 1330.00548482 5999.88333757 -705.47978061 -1243.89649641 3 23
100 72 3017.38725608 3248.39407288 -965.21785838 1143.87205758 0 33
100 73 3155.74003530 5389.29009771 -1350.40852528 1064.57182706 1 36
100 74 959.15468000 806.12641511 -1072.76906400 1394.87955408 0 39
100 75 2026.79306184 4580.79388752 873.80484656 -1707.72967688 1 43
100 76 781.40583650 3980.19419252 1481.41558700 -966.36059874 1 40
100 77 5076.80116354 1608.18936874 1387.73508767 -826.61003006 0 35
100 78 2392.83191119 1945.37115840 -838.60865988 -1477.17036052 0 36
100 79 4669.83753608 5068.94424084 -867.64681232 1756.06718803 2 24
100 80 3166.06012958 443.96606506 -1436.59485480 -1671.79076395 3 30
100 81 2011.90928230 3229.18312221 1046.77923445 1519.38237336 0 40
100 82 2148.17404792 3886.88352340 -1171.81468459 1295.29450780 1 41
100 83 3726.89278844 4297.76937370 -2262.84380126 1341.75247961 2 32
100 84 1657.38437543 2821.01142667 -911.82889133 1288.66761889 3 35
100 85 1036.02306686 1704.36380122 1237.09759127 1038.12937697 0 36
100 86 5766.46977049 70.78111436 920.47348852 1255.28196392 1 35
100 87 1463.94040295 1173.38742273 1469.38844221 -1458.07436189 0 47
100 88 4667.33526118 3751.67944745 2333.16763059 -1157.21111259 6 39
100 89 2829.21037198 5845.40551906 -1241.36843292 -983.49825645 1 36
100 90 5273.33521556 3017.91282618 2636.16760778 1239.95619434 3 44
100 91 5344.09558349 2468.21159425 1487.10530880 1082.96867330 3 37
100 92 4550.48005540 4462.25019209 -1374.22737064 1518.71090197 4 43
100 93 5230.96302960 1035.43053986 1512.24768935 -1104.52313901 0 41
100 94 3762.24573286 971.03206447 875.27833613 -1337.99198388 2 34
100 95 5967.04517410 2325.17802987 -1444.43942510 -1096.59498500 0 40
100 96 3724.55884926 5037.20006299 -686.18778083 -1539.42421752 3 38
100 97 2201.73098776 1192.88581741 1114.03847304 1386.38226886 0 40
100 98 1138.14126490 3590.88542981 417.84234832 -1713.91949306 1 35
100 99 1149.28391092 6112.85755445 372.76443002 -347.19444755 1 22
