0 0 8.00000000 6.00000000 -1.00000000 0.00000000
0 1 2.00000000 2.00000000 0.00000000 1.00000000
1 0 7.00000000 6.00000000 -1.00000000 0.00000000
1 1 2.00000000 3.00000000 0.00000000 1.00000000
2 0 6.00000000 6.00000000 -1.00000000 0.00000000
2 1 2.00000000 4.00000000 0.00000000 1.00000000
3 0 5.00000000 6.00000000 -1.00000000 0.00000000
3 1 2.00000000 5.00000000 0.00000000 1.00000000
4 0 4.00000000 6.00000000 -1.00000000 0.00000000
4 1 2.00000000 6.00000000 0.00000000 1.00000000
5 0 4.00000000 6.00000000 -0.00000000 0.00000000
5 1 1.00000000 7.00000000 -1.00000000 1.00000000
6 0 4.00000000 6.00000000 -0.00000000 0.00000000
6 1 2.00000000 8.00000000 1.00000000 1.00000000
7 0 4.00000000 6.00000000 -0.00000000 0.00000000
7 1 3.00000000 9.00000000 1.00000000 1.00000000
8 0 4.00000000 6.00000000 -0.00000000 0.00000000
8 1 4.00000000 8.00000000 1.00000000 -1.00000000
9 0 4.00000000 5.00000000 -0.00000000 -1.00000000
9 1 5.00000000 8.00000000 1.00000000 0.00000000
10 0 4.00000000 4.00000000 -0.00000000 -1.00000000 2 0
10 1 6.00000000 8.00000000 1.00000000 0.00000000 2 2
